{"contracts/governance-upgrade/GovernanceStakingUpgrade.sol":{"l":{"29":1,"38":7,"39":7,"41":0,"43":7,"54":0,"58":2,"62":5},"path":"/mnt/c/degenian/tornado-relayer-registry/contracts/governance-upgrade/GovernanceStakingUpgrade.sol","s":{"1":1,"2":7,"3":7,"4":0,"5":0,"6":2,"7":5},"b":{},"f":{"1":1,"2":7,"3":0,"4":2,"5":5},"fnMap":{"1":{"name":"constructor","line":28,"loc":{"start":{"line":24,"column":2},"end":{"line":30,"column":2}}},"2":{"name":"updateRewards","line":37,"loc":{"start":{"line":37,"column":2},"end":{"line":44,"column":2}}},"3":{"name":"lock","line":53,"loc":{"start":{"line":46,"column":2},"end":{"line":55,"column":2}}},"4":{"name":"lockWithApproval","line":57,"loc":{"start":{"line":57,"column":2},"end":{"line":59,"column":2}}},"5":{"name":"unlock","line":61,"loc":{"start":{"line":61,"column":2},"end":{"line":63,"column":2}}}},"statementMap":{"1":{"start":{"line":29,"column":4},"end":{"line":29,"column":58}},"2":{"start":{"line":38,"column":4},"end":{"line":38,"column":1432}},"3":{"start":{"line":39,"column":6},"end":{"line":39,"column":42}},"4":{"start":{"line":41,"column":6},"end":{"line":41,"column":49}},"5":{"start":{"line":54,"column":4},"end":{"line":54,"column":47}},"6":{"start":{"line":58,"column":4},"end":{"line":58,"column":33}},"7":{"start":{"line":62,"column":4},"end":{"line":62,"column":23}}},"branchMap":{}},"contracts/governance-upgrade/RegistryCallForwarder.sol":{"l":{"13":3,"14":3,"18":3,"19":3,"23":1,"27":1,"31":1,"35":1},"path":"/mnt/c/degenian/tornado-relayer-registry/contracts/governance-upgrade/RegistryCallForwarder.sol","s":{"1":3,"2":3,"3":3,"4":1,"5":1,"6":1,"7":1},"b":{"1":[3,0]},"f":{"1":3,"2":3,"3":1,"4":1,"5":1,"6":1},"fnMap":{"1":{"name":"constructor","line":12,"loc":{"start":{"line":12,"column":2},"end":{"line":15,"column":2}}},"2":{"name":"onlyGovernance","line":17,"loc":{"start":{"line":17,"column":2},"end":{"line":20,"column":2}}},"3":{"name":"forwardSetMinStakeAmount","line":22,"loc":{"start":{"line":22,"column":2},"end":{"line":24,"column":2}}},"4":{"name":"forwardRegisterProxy","line":26,"loc":{"start":{"line":26,"column":2},"end":{"line":28,"column":2}}},"5":{"name":"forwardNullifyBalance","line":30,"loc":{"start":{"line":30,"column":2},"end":{"line":32,"column":2}}},"6":{"name":"getRegistryData","line":34,"loc":{"start":{"line":34,"column":2},"end":{"line":36,"column":2}}}},"statementMap":{"1":{"start":{"line":13,"column":4},"end":{"line":13,"column":33}},"2":{"start":{"line":14,"column":4},"end":{"line":14,"column":46}},"3":{"start":{"line":18,"column":4},"end":{"line":18,"column":55}},"4":{"start":{"line":23,"column":4},"end":{"line":23,"column":40}},"5":{"start":{"line":27,"column":4},"end":{"line":27,"column":46}},"6":{"start":{"line":31,"column":4},"end":{"line":31,"column":35}},"7":{"start":{"line":35,"column":4},"end":{"line":35,"column":34}}},"branchMap":{"1":{"line":18,"type":"if","locations":[{"start":{"line":18,"column":4},"end":{"line":18,"column":4}},{"start":{"line":18,"column":4},"end":{"line":18,"column":4}}]}}},"contracts/libraries/UniswapV3OracleHelper.sol":{"l":{"35":714,"57":714,"73":0,"89":315},"path":"/mnt/c/degenian/tornado-relayer-registry/contracts/libraries/UniswapV3OracleHelper.sol","s":{"1":714,"2":714,"3":0,"4":315},"b":{},"f":{"1":714,"2":714,"3":0,"4":315},"fnMap":{"1":{"name":"getPriceOfTokenInToken","line":29,"loc":{"start":{"line":29,"column":2},"end":{"line":42,"column":2}}},"2":{"name":"getPriceOfTokenInWETH","line":52,"loc":{"start":{"line":52,"column":2},"end":{"line":58,"column":2}}},"3":{"name":"getPriceOfWETHInToken","line":68,"loc":{"start":{"line":68,"column":2},"end":{"line":74,"column":2}}},"4":{"name":"getPriceRatioOfTokens","line":84,"loc":{"start":{"line":84,"column":2},"end":{"line":90,"column":2}}}},"statementMap":{"1":{"start":{"line":35,"column":4},"end":{"line":35,"column":1528}},"2":{"start":{"line":57,"column":4},"end":{"line":57,"column":59}},"3":{"start":{"line":73,"column":4},"end":{"line":73,"column":59}},"4":{"start":{"line":89,"column":4},"end":{"line":89,"column":122}}},"branchMap":{}},"contracts/registry-data/RegistryDataManager.sol":{"l":{"37":20,"38":20,"39":380,"48":399,"49":315,"50":315,"58":84,"62":399},"path":"/mnt/c/degenian/tornado-relayer-registry/contracts/registry-data/RegistryDataManager.sol","s":{"1":20,"2":20,"3":380,"4":399,"5":315,"6":315,"7":84,"8":399},"b":{"1":[315,84]},"f":{"1":20,"2":399},"fnMap":{"1":{"name":"updateRegistryDataArray","line":32,"loc":{"start":{"line":32,"column":2},"end":{"line":41,"column":2}}},"2":{"name":"updateSingleRegistryDataArrayElement","line":43,"loc":{"start":{"line":43,"column":2},"end":{"line":63,"column":2}}}},"statementMap":{"1":{"start":{"line":37,"column":4},"end":{"line":37,"column":58}},"2":{"start":{"line":38,"column":4},"end":{"line":38,"column":1112}},"3":{"start":{"line":39,"column":6},"end":{"line":39,"column":101}},"4":{"start":{"line":48,"column":4},"end":{"line":48,"column":1476}},"5":{"start":{"line":49,"column":6},"end":{"line":49,"column":64}},"6":{"start":{"line":50,"column":6},"end":{"line":50,"column":1574}},"7":{"start":{"line":58,"column":6},"end":{"line":58,"column":1863}},"8":{"start":{"line":62,"column":4},"end":{"line":62,"column":69}}},"branchMap":{"1":{"line":48,"type":"if","locations":[{"start":{"line":48,"column":4},"end":{"line":48,"column":4}},{"start":{"line":48,"column":4},"end":{"line":48,"column":4}}]}}},"contracts/registry-data/RelayerRegistryData.sol":{"l":{"28":3,"29":3,"31":3,"32":57,"33":57,"38":2,"39":2,"43":0,"44":0,"54":0,"55":0,"56":0,"60":1,"64":1,"68":20,"69":20,"73":19,"78":19},"path":"/mnt/c/degenian/tornado-relayer-registry/contracts/registry-data/RelayerRegistryData.sol","s":{"1":3,"2":3,"3":3,"4":57,"5":57,"6":2,"7":0,"8":0,"9":0,"10":0,"11":0,"12":1,"13":1,"14":20,"15":20,"16":19,"17":19},"b":{"1":[2,0]},"f":{"1":3,"2":2,"3":0,"4":0,"5":1,"6":1,"7":20,"8":19},"fnMap":{"1":{"name":"constructor","line":22,"loc":{"start":{"line":22,"column":2},"end":{"line":35,"column":2}}},"2":{"name":"onlyGovernance","line":37,"loc":{"start":{"line":37,"column":2},"end":{"line":40,"column":2}}},"3":{"name":"updateFeesOfPools","line":42,"loc":{"start":{"line":42,"column":2},"end":{"line":46,"column":2}}},"4":{"name":"addPool","line":53,"loc":{"start":{"line":53,"column":2},"end":{"line":57,"column":2}}},"5":{"name":"setProtocolFee","line":59,"loc":{"start":{"line":59,"column":2},"end":{"line":61,"column":2}}},"6":{"name":"setPeriodForTWAPOracle","line":63,"loc":{"start":{"line":63,"column":2},"end":{"line":65,"column":2}}},"7":{"name":"updateAllFees","line":67,"loc":{"start":{"line":67,"column":2},"end":{"line":70,"column":2}}},"8":{"name":"updateFeeOfPool","line":72,"loc":{"start":{"line":72,"column":2},"end":{"line":79,"column":2}}}},"statementMap":{"1":{"start":{"line":28,"column":4},"end":{"line":28,"column":54}},"2":{"start":{"line":29,"column":4},"end":{"line":29,"column":33}},"3":{"start":{"line":31,"column":4},"end":{"line":31,"column":883}},"4":{"start":{"line":32,"column":6},"end":{"line":32,"column":87}},"5":{"start":{"line":33,"column":6},"end":{"line":33,"column":84}},"6":{"start":{"line":38,"column":4},"end":{"line":38,"column":55}},"7":{"start":{"line":43,"column":4},"end":{"line":43,"column":1297}},"8":{"start":{"line":44,"column":6},"end":{"line":44,"column":32}},"9":{"start":{"line":54,"column":4},"end":{"line":54,"column":63}},"10":{"start":{"line":55,"column":4},"end":{"line":55,"column":69}},"11":{"start":{"line":56,"column":4},"end":{"line":56,"column":42}},"12":{"start":{"line":60,"column":4},"end":{"line":60,"column":41}},"13":{"start":{"line":64,"column":4},"end":{"line":64,"column":45}},"14":{"start":{"line":68,"column":4},"end":{"line":68,"column":97}},"15":{"start":{"line":69,"column":4},"end":{"line":69,"column":37}},"16":{"start":{"line":73,"column":4},"end":{"line":73,"column":2388}},"17":{"start":{"line":78,"column":4},"end":{"line":78,"column":44}}},"branchMap":{"1":{"line":38,"type":"if","locations":[{"start":{"line":38,"column":4},"end":{"line":38,"column":4}},{"start":{"line":38,"column":4},"end":{"line":38,"column":4}}]}}},"contracts/RelayerRegistry.sol":{"l":{"60":3,"61":3,"65":3,"66":3,"70":4,"71":4,"75":3,"76":3,"90":1,"91":1,"92":1,"93":1,"107":4,"109":4,"110":4,"112":4,"113":4,"115":4,"116":4,"117":4,"119":4,"120":0,"121":0,"124":4,"133":1,"134":1,"135":1,"145":1,"146":1,"155":1,"156":1,"157":1,"158":1,"177":3,"178":3,"179":2,"180":2,"188":1,"189":1,"197":1,"198":1,"207":1,"216":4,"226":6,"235":4,"244":8,"255":1,"256":1,"257":1,"266":5},"path":"/mnt/c/degenian/tornado-relayer-registry/contracts/RelayerRegistry.sol","s":{"1":3,"2":3,"3":4,"4":3,"5":1,"6":1,"7":1,"8":1,"9":4,"10":4,"11":4,"12":4,"13":4,"14":4,"15":4,"16":4,"17":4,"18":0,"19":0,"20":4,"21":1,"22":1,"23":1,"24":1,"25":1,"26":1,"27":1,"28":1,"29":1,"30":3,"31":3,"32":2,"33":2,"34":1,"35":1,"36":1,"37":1,"38":1,"39":4,"40":6,"41":4,"42":8,"43":1,"44":1,"45":1,"46":5},"b":{"1":[3,0],"2":[3,0],"3":[4,0],"4":[3,0],"5":[4,0],"6":[4,0],"7":[0,0],"8":[1,0],"9":[1,0],"10":[5,0]},"f":{"1":3,"2":3,"3":4,"4":3,"5":1,"6":4,"7":1,"8":1,"9":1,"10":3,"11":1,"12":1,"13":1,"14":4,"15":6,"16":4,"17":8,"18":1,"19":5},"fnMap":{"1":{"name":"onlyGovernanceCallForwarder","line":59,"loc":{"start":{"line":59,"column":2},"end":{"line":62,"column":2}}},"2":{"name":"onlyTornadoProxy","line":64,"loc":{"start":{"line":64,"column":2},"end":{"line":67,"column":2}}},"3":{"name":"onlyENSOwner","line":69,"loc":{"start":{"line":69,"column":2},"end":{"line":72,"column":2}}},"4":{"name":"onlyRelayer","line":74,"loc":{"start":{"line":74,"column":2},"end":{"line":77,"column":2}}},"5":{"name":"initialize","line":89,"loc":{"start":{"line":84,"column":2},"end":{"line":94,"column":2}}},"6":{"name":"register","line":106,"loc":{"start":{"line":102,"column":2},"end":{"line":125,"column":2}}},"7":{"name":"registerSubaddress","line":132,"loc":{"start":{"line":132,"column":2},"end":{"line":136,"column":2}}},"8":{"name":"unregisterSubaddress","line":144,"loc":{"start":{"line":144,"column":2},"end":{"line":147,"column":2}}},"9":{"name":"stakeToRelayer","line":154,"loc":{"start":{"line":154,"column":2},"end":{"line":159,"column":2}}},"10":{"name":"burn","line":176,"loc":{"start":{"line":172,"column":2},"end":{"line":181,"column":2}}},"11":{"name":"setMinStakeAmount","line":187,"loc":{"start":{"line":187,"column":2},"end":{"line":190,"column":2}}},"12":{"name":"registerProxy","line":196,"loc":{"start":{"line":196,"column":2},"end":{"line":199,"column":2}}},"13":{"name":"nullifyBalance","line":206,"loc":{"start":{"line":206,"column":2},"end":{"line":208,"column":2}}},"14":{"name":"isRelayer","line":215,"loc":{"start":{"line":215,"column":2},"end":{"line":217,"column":2}}},"15":{"name":"isRelayerRegistered","line":225,"loc":{"start":{"line":225,"column":2},"end":{"line":227,"column":2}}},"16":{"name":"getRelayerEnsHash","line":234,"loc":{"start":{"line":234,"column":2},"end":{"line":236,"column":2}}},"17":{"name":"getRelayerBalance","line":243,"loc":{"start":{"line":243,"column":2},"end":{"line":245,"column":2}}},"18":{"name":"_nullifyBalance","line":254,"loc":{"start":{"line":254,"column":2},"end":{"line":258,"column":2}}},"19":{"name":"_sendStakeToStaking","line":265,"loc":{"start":{"line":265,"column":2},"end":{"line":267,"column":2}}}},"statementMap":{"1":{"start":{"line":60,"column":4},"end":{"line":60,"column":68}},"2":{"start":{"line":65,"column":4},"end":{"line":65,"column":52}},"3":{"start":{"line":70,"column":4},"end":{"line":70,"column":72}},"4":{"start":{"line":75,"column":4},"end":{"line":75,"column":69}},"5":{"start":{"line":90,"column":4},"end":{"line":90,"column":58}},"6":{"start":{"line":91,"column":4},"end":{"line":91,"column":46}},"7":{"start":{"line":92,"column":4},"end":{"line":92,"column":51}},"8":{"start":{"line":93,"column":4},"end":{"line":93,"column":34}},"9":{"start":{"line":107,"column":4},"end":{"line":107,"column":72}},"10":{"start":{"line":109,"column":4},"end":{"line":109,"column":64}},"11":{"start":{"line":110,"column":4},"end":{"line":110,"column":71}},"12":{"start":{"line":112,"column":4},"end":{"line":112,"column":41}},"13":{"start":{"line":113,"column":4},"end":{"line":113,"column":47}},"14":{"start":{"line":115,"column":4},"end":{"line":115,"column":27}},"15":{"start":{"line":116,"column":4},"end":{"line":116,"column":29}},"16":{"start":{"line":117,"column":4},"end":{"line":117,"column":50}},"17":{"start":{"line":119,"column":4},"end":{"line":119,"column":4386}},"18":{"start":{"line":120,"column":6},"end":{"line":120,"column":103}},"19":{"start":{"line":121,"column":6},"end":{"line":121,"column":67}},"20":{"start":{"line":124,"column":4},"end":{"line":124,"column":57}},"21":{"start":{"line":133,"column":4},"end":{"line":133,"column":73}},"22":{"start":{"line":134,"column":4},"end":{"line":134,"column":47}},"23":{"start":{"line":135,"column":4},"end":{"line":135,"column":41}},"24":{"start":{"line":145,"column":4},"end":{"line":145,"column":50}},"25":{"start":{"line":146,"column":4},"end":{"line":146,"column":43}},"26":{"start":{"line":155,"column":4},"end":{"line":155,"column":69}},"27":{"start":{"line":156,"column":4},"end":{"line":156,"column":41}},"28":{"start":{"line":157,"column":4},"end":{"line":157,"column":102}},"29":{"start":{"line":158,"column":4},"end":{"line":158,"column":44}},"30":{"start":{"line":177,"column":4},"end":{"line":177,"column":96}},"31":{"start":{"line":178,"column":4},"end":{"line":178,"column":94}},"32":{"start":{"line":179,"column":4},"end":{"line":179,"column":33}},"33":{"start":{"line":180,"column":4},"end":{"line":180,"column":37}},"34":{"start":{"line":188,"column":4},"end":{"line":188,"column":29}},"35":{"start":{"line":189,"column":4},"end":{"line":189,"column":41}},"36":{"start":{"line":197,"column":4},"end":{"line":197,"column":37}},"37":{"start":{"line":198,"column":4},"end":{"line":198,"column":48}},"38":{"start":{"line":207,"column":4},"end":{"line":207,"column":27}},"39":{"start":{"line":216,"column":4},"end":{"line":216,"column":58}},"40":{"start":{"line":226,"column":4},"end":{"line":226,"column":55}},"41":{"start":{"line":235,"column":4},"end":{"line":235,"column":49}},"42":{"start":{"line":244,"column":4},"end":{"line":244,"column":49}},"43":{"start":{"line":255,"column":4},"end":{"line":255,"column":65}},"44":{"start":{"line":256,"column":4},"end":{"line":256,"column":45}},"45":{"start":{"line":257,"column":4},"end":{"line":257,"column":41}},"46":{"start":{"line":266,"column":4},"end":{"line":266,"column":81}}},"branchMap":{"1":{"line":60,"type":"if","locations":[{"start":{"line":60,"column":4},"end":{"line":60,"column":4}},{"start":{"line":60,"column":4},"end":{"line":60,"column":4}}]},"2":{"line":65,"type":"if","locations":[{"start":{"line":65,"column":4},"end":{"line":65,"column":4}},{"start":{"line":65,"column":4},"end":{"line":65,"column":4}}]},"3":{"line":70,"type":"if","locations":[{"start":{"line":70,"column":4},"end":{"line":70,"column":4}},{"start":{"line":70,"column":4},"end":{"line":70,"column":4}}]},"4":{"line":75,"type":"if","locations":[{"start":{"line":75,"column":4},"end":{"line":75,"column":4}},{"start":{"line":75,"column":4},"end":{"line":75,"column":4}}]},"5":{"line":109,"type":"if","locations":[{"start":{"line":109,"column":4},"end":{"line":109,"column":4}},{"start":{"line":109,"column":4},"end":{"line":109,"column":4}}]},"6":{"line":110,"type":"if","locations":[{"start":{"line":110,"column":4},"end":{"line":110,"column":4}},{"start":{"line":110,"column":4},"end":{"line":110,"column":4}}]},"7":{"line":120,"type":"if","locations":[{"start":{"line":120,"column":6},"end":{"line":120,"column":6}},{"start":{"line":120,"column":6},"end":{"line":120,"column":6}}]},"8":{"line":133,"type":"if","locations":[{"start":{"line":133,"column":4},"end":{"line":133,"column":4}},{"start":{"line":133,"column":4},"end":{"line":133,"column":4}}]},"9":{"line":155,"type":"if","locations":[{"start":{"line":155,"column":4},"end":{"line":155,"column":4}},{"start":{"line":155,"column":4},"end":{"line":155,"column":4}}]},"10":{"line":266,"type":"if","locations":[{"start":{"line":266,"column":4},"end":{"line":266,"column":4}},{"start":{"line":266,"column":4},"end":{"line":266,"column":4}}]}}},"contracts/RelayerRegistryProposal.sol":{"l":{"46":3,"47":3,"48":3,"49":3,"50":3,"51":3,"52":3,"56":1,"60":1,"62":1,"64":1,"66":1,"67":1,"69":1,"71":1,"73":1,"77":1,"78":1,"80":1,"81":19},"path":"/mnt/c/degenian/tornado-relayer-registry/contracts/RelayerRegistryProposal.sol","s":{"1":3,"2":3,"3":3,"4":3,"5":3,"6":3,"7":3,"8":1,"9":1,"10":1,"11":1,"12":1,"13":1,"14":1,"15":1,"16":1,"17":1,"18":1,"19":1,"20":19},"b":{},"f":{"1":3,"2":1,"3":1},"fnMap":{"1":{"name":"constructor","line":37,"loc":{"start":{"line":37,"column":2},"end":{"line":53,"column":2}}},"2":{"name":"executeProposal","line":55,"loc":{"start":{"line":55,"column":2},"end":{"line":74,"column":2}}},"3":{"name":"disableOldProxy","line":76,"loc":{"start":{"line":76,"column":2},"end":{"line":83,"column":2}}}},"statementMap":{"1":{"start":{"line":46,"column":4},"end":{"line":46,"column":58}},"2":{"start":{"line":47,"column":4},"end":{"line":47,"column":43}},"3":{"start":{"line":48,"column":4},"end":{"line":48,"column":43}},"4":{"start":{"line":49,"column":4},"end":{"line":49,"column":50}},"5":{"start":{"line":50,"column":4},"end":{"line":50,"column":68}},"6":{"start":{"line":51,"column":4},"end":{"line":51,"column":37}},"7":{"start":{"line":52,"column":4},"end":{"line":52,"column":30}},"8":{"start":{"line":56,"column":4},"end":{"line":56,"column":2279}},"9":{"start":{"line":60,"column":4},"end":{"line":60,"column":77}},"10":{"start":{"line":62,"column":4},"end":{"line":62,"column":50}},"11":{"start":{"line":64,"column":4},"end":{"line":64,"column":66}},"12":{"start":{"line":66,"column":4},"end":{"line":66,"column":36}},"13":{"start":{"line":67,"column":4},"end":{"line":67,"column":44}},"14":{"start":{"line":69,"column":4},"end":{"line":69,"column":65}},"15":{"start":{"line":71,"column":4},"end":{"line":71,"column":48}},"16":{"start":{"line":73,"column":4},"end":{"line":73,"column":20}},"17":{"start":{"line":77,"column":4},"end":{"line":77,"column":57}},"18":{"start":{"line":78,"column":4},"end":{"line":78,"column":74}},"19":{"start":{"line":80,"column":4},"end":{"line":80,"column":3048}},"20":{"start":{"line":81,"column":6},"end":{"line":81,"column":42}}},"branchMap":{}},"contracts/staking/TornadoStakingRewards.sol":{"l":{"51":3,"52":8,"53":8,"57":8,"58":3,"62":3,"63":11,"76":11,"77":11,"78":11,"79":1,"80":1,"88":3,"99":7,"102":7,"111":18,"112":18,"126":18,"129":0,"130":0},"path":"/mnt/c/degenian/tornado-relayer-registry/contracts/staking/TornadoStakingRewards.sol","s":{"1":3,"2":8,"3":8,"4":3,"5":11,"6":11,"7":11,"8":11,"9":1,"10":3,"11":3,"12":7,"13":7,"14":18,"15":18,"16":18,"17":0,"18":0},"b":{"1":[3,0],"2":[11,0]},"f":{"1":3,"2":8,"3":3,"4":11,"5":3,"6":3,"7":7,"8":18},"fnMap":{"1":{"name":"constructor","line":50,"loc":{"start":{"line":50,"column":2},"end":{"line":54,"column":2}}},"2":{"name":"onlyGovernance","line":56,"loc":{"start":{"line":56,"column":2},"end":{"line":59,"column":2}}},"3":{"name":"onlyRelayerRegistry","line":61,"loc":{"start":{"line":61,"column":2},"end":{"line":64,"column":2}}},"4":{"name":"getReward","line":75,"loc":{"start":{"line":75,"column":2},"end":{"line":81,"column":2}}},"5":{"name":"registerRelayerRegistry","line":87,"loc":{"start":{"line":87,"column":2},"end":{"line":89,"column":2}}},"6":{"name":"addBurnRewards","line":98,"loc":{"start":{"line":98,"column":2},"end":{"line":103,"column":2}}},"7":{"name":"updateRewardsOnLockedBalanceChange","line":110,"loc":{"start":{"line":110,"column":2},"end":{"line":113,"column":2}}},"8":{"name":"_updateReward","line":125,"loc":{"start":{"line":125,"column":2},"end":{"line":131,"column":2}}}},"statementMap":{"1":{"start":{"line":51,"column":4},"end":{"line":51,"column":53}},"2":{"start":{"line":52,"column":4},"end":{"line":52,"column":29}},"3":{"start":{"line":53,"column":4},"end":{"line":53,"column":52}},"4":{"start":{"line":57,"column":4},"end":{"line":57,"column":64}},"5":{"start":{"line":62,"column":4},"end":{"line":62,"column":66}},"6":{"start":{"line":76,"column":4},"end":{"line":76,"column":85}},"7":{"start":{"line":77,"column":4},"end":{"line":77,"column":56}},"8":{"start":{"line":78,"column":4},"end":{"line":78,"column":37}},"9":{"start":{"line":79,"column":4},"end":{"line":79,"column":41}},"10":{"start":{"line":80,"column":4},"end":{"line":80,"column":44}},"11":{"start":{"line":88,"column":4},"end":{"line":88,"column":43}},"12":{"start":{"line":99,"column":4},"end":{"line":99,"column":3945}},"13":{"start":{"line":102,"column":4},"end":{"line":102,"column":66}},"14":{"start":{"line":111,"column":4},"end":{"line":111,"column":68}},"15":{"start":{"line":112,"column":4},"end":{"line":112,"column":73}},"16":{"start":{"line":126,"column":4},"end":{"line":126,"column":5481}},"17":{"start":{"line":129,"column":4},"end":{"line":129,"column":72}},"18":{"start":{"line":130,"column":4},"end":{"line":130,"column":41}}},"branchMap":{"1":{"line":57,"type":"if","locations":[{"start":{"line":57,"column":4},"end":{"line":57,"column":4}},{"start":{"line":57,"column":4},"end":{"line":57,"column":4}}]},"2":{"line":62,"type":"if","locations":[{"start":{"line":62,"column":4},"end":{"line":62,"column":4}},{"start":{"line":62,"column":4},"end":{"line":62,"column":4}}]}}},"contracts/tornado-proxy/TornadoProxyRegistryUpgrade.sol":{"l":{"25":4,"38":1,"40":0},"path":"/mnt/c/degenian/tornado-relayer-registry/contracts/tornado-proxy/TornadoProxyRegistryUpgrade.sol","s":{"1":3,"2":3,"3":3,"4":0},"b":{"1":[0,0]},"f":{"1":4,"2":3},"fnMap":{"1":{"name":"constructor","line":24,"loc":{"start":{"line":19,"column":2},"end":{"line":26,"column":2}}},"2":{"name":"withdraw","line":28,"loc":{"start":{"line":28,"column":2},"end":{"line":41,"column":2}}}},"statementMap":{"1":{"start":{"line":25,"column":4},"end":{"line":25,"column":47}},"2":{"start":{"line":38,"column":4},"end":{"line":38,"column":86}},"3":{"start":{"line":38,"column":32},"end":{"line":38,"column":85}},"4":{"start":{"line":40,"column":4},"end":{"line":40,"column":95}}},"branchMap":{"1":{"line":38,"type":"if","locations":[{"start":{"line":38,"column":4},"end":{"line":38,"column":4}},{"start":{"line":38,"column":4},"end":{"line":38,"column":4}}]}}}}